# JRE version: OpenJDK Runtime Environment (17.0.6) (build 17.0.6+0-b2043.56-9586694)
# Java VM: OpenJDK 64-Bit Server VM (17.0.6+0-b2043.56-9586694, mixed mode, tiered, compressed oops, compressed class ptrs, g1 gc, windows-amd64)
GC Precious Log:
 CPUs: 8 total, 8 available
 Memory: 16137M
 Large Page Support: Disabled
 NUMA Support: Disabled
 Compressed Oops: Enabled (32-bit)
 Heap Region Size: 1M
 Heap Min Capacity: 8M
 Heap Initial Capacity: 254M
 Heap Max Capacity: 2G
 Pre-touch: Disabled
 Parallel Workers: 8
 Concurrent Workers: 2
 Concurrent Refinement Workers: 8
 Periodic GC: Disabled
Heap:
 garbage-first heap   total 122880K, used 66452K [0x0000000080000000, 0x0000000100000000)
  region size 1024K, 4 young (4096K), 4 survivors (4096K)
 Metaspace       used 81538K, committed 82176K, reserved 1122304K
  class space    used 11104K, committed 11392K, reserved 1048576K
GC Heap History (20 events):
Event: 17.639 GC heap after
{Heap after GC invocations=31 (full 0):
 garbage-first heap   total 81920K, used 48349K [0x0000000080000000, 0x0000000100000000)
  region size 1024K, 3 young (3072K), 3 survivors (3072K)
 Metaspace       used 62090K, committed 62592K, reserved 1105920K
  class space    used 8207K, committed 8448K, reserved 1048576K
}
Event: 17.746 GC heap before
{Heap before GC invocations=31 (full 0):
 garbage-first heap   total 81920K, used 50397K [0x0000000080000000, 0x0000000100000000)
  region size 1024K, 6 young (6144K), 3 survivors (3072K)
 Metaspace       used 62436K, committed 62912K, reserved 1105920K
  class space    used 8250K, committed 8448K, reserved 1048576K
}
Event: 17.753 GC heap after
{Heap after GC invocations=32 (full 0):
 garbage-first heap   total 81920K, used 48834K [0x0000000080000000, 0x0000000100000000)
  region size 1024K, 2 young (2048K), 2 survivors (2048K)
 Metaspace       used 62436K, committed 62912K, reserved 1105920K
  class space    used 8250K, committed 8448K, reserved 1048576K
}
Event: 18.081 GC heap before
{Heap before GC invocations=33 (full 0):
 garbage-first heap   total 102400K, used 69314K [0x0000000080000000, 0x0000000100000000)
  region size 1024K, 16 young (16384K), 2 survivors (2048K)
 Metaspace       used 62811K, committed 63296K, reserved 1105920K
  class space    used 8300K, committed 8512K, reserved 1048576K
}
Event: 18.087 GC heap after
{Heap after GC invocations=34 (full 0):
 garbage-first heap   total 102400K, used 50476K [0x0000000080000000, 0x0000000100000000)
  region size 1024K, 2 young (2048K), 2 survivors (2048K)
 Metaspace       used 62811K, committed 63296K, reserved 1105920K
  class space    used 8300K, committed 8512K, reserved 1048576K
}
Event: 18.191 GC heap before
{Heap before GC invocations=34 (full 0):
 garbage-first heap   total 102400K, used 53548K [0x0000000080000000, 0x0000000100000000)
  region size 1024K, 5 young (5120K), 2 survivors (2048K)
 Metaspace       used 63212K, committed 63680K, reserved 1105920K
  class space    used 8363K, committed 8576K, reserved 1048576K
}
Event: 18.201 GC heap after
{Heap after GC invocations=35 (full 0):
 garbage-first heap   total 122880K, used 50471K [0x0000000080000000, 0x0000000100000000)
  region size 1024K, 1 young (1024K), 1 survivors (1024K)
 Metaspace       used 63212K, committed 63680K, reserved 1105920K
  class space    used 8363K, committed 8576K, reserved 1048576K
}
Event: 19.414 GC heap before
{Heap before GC invocations=35 (full 0):
 garbage-first heap   total 122880K, used 84263K [0x0000000080000000, 0x0000000100000000)
  region size 1024K, 34 young (34816K), 1 survivors (1024K)
 Metaspace       used 66300K, committed 66880K, reserved 1114112K
  class space    used 8739K, committed 9024K, reserved 1048576K
}
Event: 19.422 GC heap after
{Heap after GC invocations=36 (full 0):
 garbage-first heap   total 122880K, used 52959K [0x0000000080000000, 0x0000000100000000)
  region size 1024K, 3 young (3072K), 3 survivors (3072K)
 Metaspace       used 66300K, committed 66880K, reserved 1114112K
  class space    used 8739K, committed 9024K, reserved 1048576K
}
Event: 20.160 GC heap before
{Heap before GC invocations=36 (full 0):
 garbage-first heap   total 122880K, used 87775K [0x0000000080000000, 0x0000000100000000)
  region size 1024K, 37 young (37888K), 3 survivors (3072K)
 Metaspace       used 67564K, committed 68160K, reserved 1114112K
  class space    used 8914K, committed 9216K, reserved 1048576K
}
Event: 20.171 GC heap after
{Heap after GC invocations=37 (full 0):
 garbage-first heap   total 122880K, used 55778K [0x0000000080000000, 0x0000000100000000)
  region size 1024K, 3 young (3072K), 3 survivors (3072K)
 Metaspace       used 67564K, committed 68160K, reserved 1114112K
  class space    used 8914K, committed 9216K, reserved 1048576K
}
Event: 21.218 GC heap before
{Heap before GC invocations=37 (full 0):
 garbage-first heap   total 122880K, used 90594K [0x0000000080000000, 0x0000000100000000)
  region size 1024K, 37 young (37888K), 3 survivors (3072K)
 Metaspace       used 70604K, committed 71232K, reserved 1114112K
  class space    used 9443K, committed 9728K, reserved 1048576K
}
Event: 21.226 GC heap after
{Heap after GC invocations=38 (full 0):
 garbage-first heap   total 122880K, used 58011K [0x0000000080000000, 0x0000000100000000)
  region size 1024K, 3 young (3072K), 3 survivors (3072K)
 Metaspace       used 70604K, committed 71232K, reserved 1114112K
  class space    used 9443K, committed 9728K, reserved 1048576K
}
Event: 22.467 GC heap before
{Heap before GC invocations=38 (full 0):
 garbage-first heap   total 122880K, used 92827K [0x0000000080000000, 0x0000000100000000)
  region size 1024K, 37 young (37888K), 3 survivors (3072K)
 Metaspace       used 74435K, committed 75008K, reserved 1114112K
  class space    used 10074K, committed 10368K, reserved 1048576K
}
Event: 22.477 GC heap after
{Heap after GC invocations=39 (full 0):
 garbage-first heap   total 122880K, used 61020K [0x0000000080000000, 0x0000000100000000)
  region size 1024K, 5 young (5120K), 5 survivors (5120K)
 Metaspace       used 74435K, committed 75008K, reserved 1114112K
  class space    used 10074K, committed 10368K, reserved 1048576K
}
Event: 23.658 GC heap before
{Heap before GC invocations=40 (full 0):
 garbage-first heap   total 122880K, used 95836K [0x0000000080000000, 0x0000000100000000)
  region size 1024K, 39 young (39936K), 5 survivors (5120K)
 Metaspace       used 78155K, committed 78784K, reserved 1122304K
  class space    used 10667K, committed 10944K, reserved 1048576K
}
Event: 23.670 GC heap after
{Heap after GC invocations=41 (full 0):
 garbage-first heap   total 122880K, used 63447K [0x0000000080000000, 0x0000000100000000)
  region size 1024K, 3 young (3072K), 3 survivors (3072K)
 Metaspace       used 78155K, committed 78784K, reserved 1122304K
  class space    used 10667K, committed 10944K, reserved 1048576K
}
Event: 23.786 GC heap before
{Heap before GC invocations=41 (full 0):
 garbage-first heap   total 122880K, used 66519K [0x0000000080000000, 0x0000000100000000)
  region size 1024K, 6 young (6144K), 3 survivors (3072K)
 Metaspace       used 78474K, committed 79040K, reserved 1122304K
  class space    used 10716K, committed 10944K, reserved 1048576K
}
Event: 23.793 GC heap after
{Heap after GC invocations=42 (full 0):
 garbage-first heap   total 122880K, used 63394K [0x0000000080000000, 0x0000000100000000)
  region size 1024K, 1 young (1024K), 1 survivors (1024K)
 Metaspace       used 78474K, committed 79040K, reserved 1122304K
  class space    used 10716K, committed 10944K, reserved 1048576K
}
Event: 24.859 GC heap before
{Heap before GC invocations=42 (full 0):
 garbage-first heap   total 122880K, used 97186K [0x0000000080000000, 0x0000000100000000)
  region size 1024K, 34 young (34816K), 1 survivors (1024K)
 Metaspace       used 81538K, committed 82176K, reserved 1122304K
  class space    used 11104K, committed 11392K, reserved 1048576K
}

